<?xml version="1.0" encoding="UTF-8"?>
<!-- Generated by org.testng.reporters.JUnitReportReporter -->
<testsuite hostname="IN-PPM108528" failures="0" tests="2" name="S16_FrameworkPart1._131_RunningTestCasesUsingTestNG3" time="0.004" errors="0" timestamp="2023-09-17T11:01:39 IST" skipped="0">
  <testcase classname="S16_FrameworkPart1._131_RunningTestCasesUsingTestNG3" name="Demo" time="0.003"/>
  <testcase classname="S16_FrameworkPart1._131_RunningTestCasesUsingTestNG3" name="Demo" time="0.001"/>
</testsuite> <!-- S16_FrameworkPart1._131_RunningTestCasesUsingTestNG3 -->
